mode: set
github.com/mark3labs/iteratr/internal/agent/acp.go:24.66,31.2 1 0
github.com/mark3labs/iteratr/internal/agent/acp.go:34.58,41.47 3 0
github.com/mark3labs/iteratr/internal/agent/acp.go:41.47,43.3 1 0
github.com/mark3labs/iteratr/internal/agent/acp.go:44.2,44.12 1 0
github.com/mark3labs/iteratr/internal/agent/acp.go:48.71,58.46 4 0
github.com/mark3labs/iteratr/internal/agent/acp.go:58.46,60.3 1 0
github.com/mark3labs/iteratr/internal/agent/acp.go:61.2,61.16 1 0
github.com/mark3labs/iteratr/internal/agent/acp.go:66.59,68.16 2 0
github.com/mark3labs/iteratr/internal/agent/acp.go:68.16,69.20 1 0
github.com/mark3labs/iteratr/internal/agent/acp.go:69.20,71.4 1 0
github.com/mark3labs/iteratr/internal/agent/acp.go:72.3,72.60 1 0
github.com/mark3labs/iteratr/internal/agent/acp.go:75.2,76.60 2 0
github.com/mark3labs/iteratr/internal/agent/acp.go:76.60,79.3 2 0
github.com/mark3labs/iteratr/internal/agent/acp.go:81.2,81.19 1 0
github.com/mark3labs/iteratr/internal/agent/acp.go:85.33,88.2 2 0
github.com/mark3labs/iteratr/internal/agent/acp.go:91.57,103.16 3 0
github.com/mark3labs/iteratr/internal/agent/acp.go:103.16,105.3 1 0
github.com/mark3labs/iteratr/internal/agent/acp.go:108.2,108.6 1 0
github.com/mark3labs/iteratr/internal/agent/acp.go:108.6,109.10 1 0
github.com/mark3labs/iteratr/internal/agent/acp.go:110.21,111.20 1 0
github.com/mark3labs/iteratr/internal/agent/acp.go:112.11,112.11 0 0
github.com/mark3labs/iteratr/internal/agent/acp.go:115.3,116.17 2 0
github.com/mark3labs/iteratr/internal/agent/acp.go:116.17,118.4 1 0
github.com/mark3labs/iteratr/internal/agent/acp.go:121.3,121.21 1 0
github.com/mark3labs/iteratr/internal/agent/acp.go:121.21,122.12 1 0
github.com/mark3labs/iteratr/internal/agent/acp.go:126.3,126.24 1 0
github.com/mark3labs/iteratr/internal/agent/acp.go:126.24,127.12 1 0
github.com/mark3labs/iteratr/internal/agent/acp.go:131.3,131.24 1 0
github.com/mark3labs/iteratr/internal/agent/acp.go:131.24,133.4 1 0
github.com/mark3labs/iteratr/internal/agent/acp.go:136.3,137.62 2 0
github.com/mark3labs/iteratr/internal/agent/acp.go:137.62,139.4 1 0
github.com/mark3labs/iteratr/internal/agent/acp.go:142.3,142.30 1 0
github.com/mark3labs/iteratr/internal/agent/acp.go:142.30,144.4 1 0
github.com/mark3labs/iteratr/internal/agent/acp.go:146.3,147.13 2 0
github.com/mark3labs/iteratr/internal/agent/acp.go:152.79,159.16 3 0
github.com/mark3labs/iteratr/internal/agent/acp.go:159.16,161.3 1 0
github.com/mark3labs/iteratr/internal/agent/acp.go:164.2,164.6 1 0
github.com/mark3labs/iteratr/internal/agent/acp.go:164.6,165.10 1 0
github.com/mark3labs/iteratr/internal/agent/acp.go:166.21,167.24 1 0
github.com/mark3labs/iteratr/internal/agent/acp.go:168.11,168.11 0 0
github.com/mark3labs/iteratr/internal/agent/acp.go:171.3,172.17 2 0
github.com/mark3labs/iteratr/internal/agent/acp.go:172.17,174.4 1 0
github.com/mark3labs/iteratr/internal/agent/acp.go:177.3,177.21 1 0
github.com/mark3labs/iteratr/internal/agent/acp.go:177.21,178.12 1 0
github.com/mark3labs/iteratr/internal/agent/acp.go:182.3,182.24 1 0
github.com/mark3labs/iteratr/internal/agent/acp.go:182.24,183.12 1 0
github.com/mark3labs/iteratr/internal/agent/acp.go:187.3,187.24 1 0
github.com/mark3labs/iteratr/internal/agent/acp.go:187.24,189.4 1 0
github.com/mark3labs/iteratr/internal/agent/acp.go:192.3,193.62 2 0
github.com/mark3labs/iteratr/internal/agent/acp.go:193.62,195.4 1 0
github.com/mark3labs/iteratr/internal/agent/acp.go:197.3,197.29 1 0
github.com/mark3labs/iteratr/internal/agent/acp.go:197.29,199.4 1 0
github.com/mark3labs/iteratr/internal/agent/acp.go:201.3,202.31 2 0
github.com/mark3labs/iteratr/internal/agent/acp.go:207.82,214.16 3 0
github.com/mark3labs/iteratr/internal/agent/acp.go:214.16,216.3 1 0
github.com/mark3labs/iteratr/internal/agent/acp.go:219.2,219.6 1 0
github.com/mark3labs/iteratr/internal/agent/acp.go:219.6,220.10 1 0
github.com/mark3labs/iteratr/internal/agent/acp.go:221.21,222.20 1 0
github.com/mark3labs/iteratr/internal/agent/acp.go:223.11,223.11 0 0
github.com/mark3labs/iteratr/internal/agent/acp.go:226.3,227.17 2 0
github.com/mark3labs/iteratr/internal/agent/acp.go:227.17,229.4 1 0
github.com/mark3labs/iteratr/internal/agent/acp.go:232.3,232.21 1 0
github.com/mark3labs/iteratr/internal/agent/acp.go:232.21,233.12 1 0
github.com/mark3labs/iteratr/internal/agent/acp.go:237.3,237.24 1 0
github.com/mark3labs/iteratr/internal/agent/acp.go:237.24,238.12 1 0
github.com/mark3labs/iteratr/internal/agent/acp.go:242.3,242.24 1 0
github.com/mark3labs/iteratr/internal/agent/acp.go:242.24,244.4 1 0
github.com/mark3labs/iteratr/internal/agent/acp.go:246.3,247.13 2 0
github.com/mark3labs/iteratr/internal/agent/acp.go:254.206,257.29 2 0
github.com/mark3labs/iteratr/internal/agent/acp.go:257.29,258.17 1 0
github.com/mark3labs/iteratr/internal/agent/acp.go:258.17,263.4 1 0
github.com/mark3labs/iteratr/internal/agent/acp.go:266.2,272.16 3 0
github.com/mark3labs/iteratr/internal/agent/acp.go:272.16,274.3 1 0
github.com/mark3labs/iteratr/internal/agent/acp.go:277.2,277.6 1 0
github.com/mark3labs/iteratr/internal/agent/acp.go:277.6,278.10 1 0
github.com/mark3labs/iteratr/internal/agent/acp.go:279.21,280.24 1 0
github.com/mark3labs/iteratr/internal/agent/acp.go:281.11,281.11 0 0
github.com/mark3labs/iteratr/internal/agent/acp.go:284.3,285.17 2 0
github.com/mark3labs/iteratr/internal/agent/acp.go:285.17,287.4 1 0
github.com/mark3labs/iteratr/internal/agent/acp.go:290.3,290.56 1 0
github.com/mark3labs/iteratr/internal/agent/acp.go:290.56,292.69 2 0
github.com/mark3labs/iteratr/internal/agent/acp.go:292.69,294.13 2 0
github.com/mark3labs/iteratr/internal/agent/acp.go:298.4,299.71 2 0
github.com/mark3labs/iteratr/internal/agent/acp.go:299.71,301.13 2 0
github.com/mark3labs/iteratr/internal/agent/acp.go:304.4,304.32 1 0
github.com/mark3labs/iteratr/internal/agent/acp.go:305.31,308.71 2 0
github.com/mark3labs/iteratr/internal/agent/acp.go:308.71,310.14 2 0
github.com/mark3labs/iteratr/internal/agent/acp.go:312.5,312.22 1 0
github.com/mark3labs/iteratr/internal/agent/acp.go:312.22,314.6 1 0
github.com/mark3labs/iteratr/internal/agent/acp.go:316.31,319.71 2 0
github.com/mark3labs/iteratr/internal/agent/acp.go:319.71,321.14 2 0
github.com/mark3labs/iteratr/internal/agent/acp.go:323.5,323.26 1 0
github.com/mark3labs/iteratr/internal/agent/acp.go:323.26,325.6 1 0
github.com/mark3labs/iteratr/internal/agent/acp.go:327.21,330.68 2 0
github.com/mark3labs/iteratr/internal/agent/acp.go:330.68,332.14 2 0
github.com/mark3labs/iteratr/internal/agent/acp.go:334.5,334.26 1 0
github.com/mark3labs/iteratr/internal/agent/acp.go:334.26,342.6 1 0
github.com/mark3labs/iteratr/internal/agent/acp.go:344.28,348.69 2 0
github.com/mark3labs/iteratr/internal/agent/acp.go:348.69,350.14 2 0
github.com/mark3labs/iteratr/internal/agent/acp.go:352.5,352.26 1 0
github.com/mark3labs/iteratr/internal/agent/acp.go:352.26,361.86 2 0
github.com/mark3labs/iteratr/internal/agent/acp.go:361.86,363.7 1 0
github.com/mark3labs/iteratr/internal/agent/acp.go:365.6,365.57 1 0
github.com/mark3labs/iteratr/internal/agent/acp.go:365.57,371.30 3 0
github.com/mark3labs/iteratr/internal/agent/acp.go:371.30,373.39 2 0
github.com/mark3labs/iteratr/internal/agent/acp.go:373.39,375.9 1 0
github.com/mark3labs/iteratr/internal/agent/acp.go:378.6,378.23 1 0
github.com/mark3labs/iteratr/internal/agent/acp.go:381.37,383.13 1 0
github.com/mark3labs/iteratr/internal/agent/acp.go:385.12,386.74 1 0
github.com/mark3labs/iteratr/internal/agent/acp.go:389.4,389.12 1 0
github.com/mark3labs/iteratr/internal/agent/acp.go:393.3,393.21 1 0
github.com/mark3labs/iteratr/internal/agent/acp.go:393.21,394.12 1 0
github.com/mark3labs/iteratr/internal/agent/acp.go:398.3,398.50 1 0
github.com/mark3labs/iteratr/internal/agent/acp.go:398.50,400.63 2 0
github.com/mark3labs/iteratr/internal/agent/acp.go:400.63,402.13 2 0
github.com/mark3labs/iteratr/internal/agent/acp.go:405.4,406.39 2 0
github.com/mark3labs/iteratr/internal/agent/acp.go:406.39,407.35 1 0
github.com/mark3labs/iteratr/internal/agent/acp.go:407.35,409.11 2 0
github.com/mark3labs/iteratr/internal/agent/acp.go:412.4,412.22 1 0
github.com/mark3labs/iteratr/internal/agent/acp.go:412.22,413.40 1 0
github.com/mark3labs/iteratr/internal/agent/acp.go:413.40,414.34 1 0
github.com/mark3labs/iteratr/internal/agent/acp.go:414.34,416.12 2 0
github.com/mark3labs/iteratr/internal/agent/acp.go:420.4,420.49 1 0
github.com/mark3labs/iteratr/internal/agent/acp.go:420.49,422.5 1 0
github.com/mark3labs/iteratr/internal/agent/acp.go:423.4,426.19 2 0
github.com/mark3labs/iteratr/internal/agent/acp.go:426.19,428.5 1 0
github.com/mark3labs/iteratr/internal/agent/acp.go:429.4,429.12 1 0
github.com/mark3labs/iteratr/internal/agent/acp.go:433.3,433.24 1 0
github.com/mark3labs/iteratr/internal/agent/acp.go:433.24,434.12 1 0
github.com/mark3labs/iteratr/internal/agent/acp.go:438.3,438.24 1 0
github.com/mark3labs/iteratr/internal/agent/acp.go:438.24,440.4 1 0
github.com/mark3labs/iteratr/internal/agent/acp.go:443.3,444.62 2 0
github.com/mark3labs/iteratr/internal/agent/acp.go:444.62,448.4 2 0
github.com/mark3labs/iteratr/internal/agent/acp.go:451.3,452.23 2 0
github.com/mark3labs/iteratr/internal/agent/acp.go:452.23,454.4 1 0
github.com/mark3labs/iteratr/internal/agent/acp.go:455.3,456.25 2 0
github.com/mark3labs/iteratr/internal/agent/acp.go:462.58,463.22 1 0
github.com/mark3labs/iteratr/internal/agent/acp.go:463.22,465.3 1 0
github.com/mark3labs/iteratr/internal/agent/acp.go:466.2,467.9 2 0
github.com/mark3labs/iteratr/internal/agent/acp.go:467.9,469.3 1 0
github.com/mark3labs/iteratr/internal/agent/acp.go:470.2,471.9 2 0
github.com/mark3labs/iteratr/internal/agent/acp.go:471.9,473.3 1 0
github.com/mark3labs/iteratr/internal/agent/acp.go:475.2,476.38 2 0
github.com/mark3labs/iteratr/internal/agent/acp.go:476.38,478.3 1 0
github.com/mark3labs/iteratr/internal/agent/acp.go:479.2,479.40 1 0
github.com/mark3labs/iteratr/internal/agent/acp.go:479.40,481.3 1 0
github.com/mark3labs/iteratr/internal/agent/acp.go:482.2,482.39 1 0
github.com/mark3labs/iteratr/internal/agent/acp.go:482.39,484.3 1 0
github.com/mark3labs/iteratr/internal/agent/acp.go:485.2,485.44 1 0
github.com/mark3labs/iteratr/internal/agent/acp.go:485.44,487.3 1 0
github.com/mark3labs/iteratr/internal/agent/acp.go:488.2,488.44 1 0
github.com/mark3labs/iteratr/internal/agent/acp.go:488.44,490.3 1 0
github.com/mark3labs/iteratr/internal/agent/acp.go:491.2,491.15 1 0
github.com/mark3labs/iteratr/internal/agent/acp.go:496.63,498.28 2 1
github.com/mark3labs/iteratr/internal/agent/acp.go:498.28,499.23 1 1
github.com/mark3labs/iteratr/internal/agent/acp.go:499.23,505.4 1 1
github.com/mark3labs/iteratr/internal/agent/acp.go:507.2,507.15 1 1
github.com/mark3labs/iteratr/internal/agent/acp.go:519.59,523.31 2 1
github.com/mark3labs/iteratr/internal/agent/acp.go:523.31,524.42 1 1
github.com/mark3labs/iteratr/internal/agent/acp.go:524.42,532.66 2 1
github.com/mark3labs/iteratr/internal/agent/acp.go:532.66,535.5 2 1
github.com/mark3labs/iteratr/internal/agent/acp.go:537.4,537.37 1 1
github.com/mark3labs/iteratr/internal/agent/acp.go:539.3,539.17 1 1
github.com/mark3labs/iteratr/internal/agent/acp.go:543.2,544.56 2 1
github.com/mark3labs/iteratr/internal/agent/acp.go:544.56,546.3 1 1
github.com/mark3labs/iteratr/internal/agent/acp.go:546.8,546.62 1 1
github.com/mark3labs/iteratr/internal/agent/acp.go:546.62,548.3 1 1
github.com/mark3labs/iteratr/internal/agent/acp.go:550.2,550.16 1 1
github.com/mark3labs/iteratr/internal/agent/acp.go:550.16,555.28 2 1
github.com/mark3labs/iteratr/internal/agent/acp.go:555.28,558.4 2 1
github.com/mark3labs/iteratr/internal/agent/acp.go:559.3,559.36 1 1
github.com/mark3labs/iteratr/internal/agent/acp.go:562.2,562.16 1 1
github.com/mark3labs/iteratr/internal/agent/filetracker.go:26.50,31.2 1 1
github.com/mark3labs/iteratr/internal/agent/filetracker.go:34.91,40.16 4 1
github.com/mark3labs/iteratr/internal/agent/filetracker.go:40.16,43.3 1 0
github.com/mark3labs/iteratr/internal/agent/filetracker.go:46.2,52.3 1 1
github.com/mark3labs/iteratr/internal/agent/filetracker.go:56.56,61.2 3 1
github.com/mark3labs/iteratr/internal/agent/filetracker.go:64.48,69.36 4 1
github.com/mark3labs/iteratr/internal/agent/filetracker.go:69.36,71.3 1 1
github.com/mark3labs/iteratr/internal/agent/filetracker.go:74.2,74.41 1 1
github.com/mark3labs/iteratr/internal/agent/filetracker.go:74.41,76.3 1 1
github.com/mark3labs/iteratr/internal/agent/filetracker.go:78.2,78.15 1 1
github.com/mark3labs/iteratr/internal/agent/filetracker.go:82.49,87.31 4 1
github.com/mark3labs/iteratr/internal/agent/filetracker.go:87.31,89.3 1 1
github.com/mark3labs/iteratr/internal/agent/filetracker.go:91.2,92.14 2 1
github.com/mark3labs/iteratr/internal/agent/filetracker.go:96.32,101.2 3 1
github.com/mark3labs/iteratr/internal/agent/filetracker.go:104.36,109.2 3 1
github.com/mark3labs/iteratr/internal/agent/filetracker.go:112.42,117.2 3 1
github.com/mark3labs/iteratr/internal/agent/runner.go:46.42,58.2 1 0
github.com/mark3labs/iteratr/internal/agent/runner.go:63.43,64.48 1 1
github.com/mark3labs/iteratr/internal/agent/runner.go:64.48,67.24 2 1
github.com/mark3labs/iteratr/internal/agent/runner.go:67.24,69.4 1 1
github.com/mark3labs/iteratr/internal/agent/runner.go:70.3,70.18 1 0
github.com/mark3labs/iteratr/internal/agent/runner.go:72.2,72.11 1 1
github.com/mark3labs/iteratr/internal/agent/runner.go:78.51,90.16 6 0
github.com/mark3labs/iteratr/internal/agent/runner.go:90.16,92.3 1 0
github.com/mark3labs/iteratr/internal/agent/runner.go:95.2,96.16 2 0
github.com/mark3labs/iteratr/internal/agent/runner.go:96.16,98.3 1 0
github.com/mark3labs/iteratr/internal/agent/runner.go:101.2,102.36 2 0
github.com/mark3labs/iteratr/internal/agent/runner.go:102.36,104.3 1 0
github.com/mark3labs/iteratr/internal/agent/runner.go:107.2,110.45 2 0
github.com/mark3labs/iteratr/internal/agent/runner.go:110.45,115.3 4 0
github.com/mark3labs/iteratr/internal/agent/runner.go:118.2,122.12 4 0
github.com/mark3labs/iteratr/internal/agent/runner.go:128.92,129.19 1 0
github.com/mark3labs/iteratr/internal/agent/runner.go:129.19,131.3 1 0
github.com/mark3labs/iteratr/internal/agent/runner.go:134.2,136.16 3 0
github.com/mark3labs/iteratr/internal/agent/runner.go:136.16,138.3 1 0
github.com/mark3labs/iteratr/internal/agent/runner.go:139.2,142.19 2 0
github.com/mark3labs/iteratr/internal/agent/runner.go:142.19,144.63 2 0
github.com/mark3labs/iteratr/internal/agent/runner.go:144.63,146.4 1 0
github.com/mark3labs/iteratr/internal/agent/runner.go:149.2,153.22 3 0
github.com/mark3labs/iteratr/internal/agent/runner.go:153.22,156.3 2 0
github.com/mark3labs/iteratr/internal/agent/runner.go:157.2,165.16 5 0
github.com/mark3labs/iteratr/internal/agent/runner.go:165.16,167.24 1 0
github.com/mark3labs/iteratr/internal/agent/runner.go:167.24,169.37 2 0
github.com/mark3labs/iteratr/internal/agent/runner.go:169.37,171.5 1 0
github.com/mark3labs/iteratr/internal/agent/runner.go:172.4,178.6 1 0
github.com/mark3labs/iteratr/internal/agent/runner.go:180.3,180.50 1 0
github.com/mark3labs/iteratr/internal/agent/runner.go:184.2,184.23 1 0
github.com/mark3labs/iteratr/internal/agent/runner.go:184.23,191.3 1 0
github.com/mark3labs/iteratr/internal/agent/runner.go:193.2,194.12 2 0
github.com/mark3labs/iteratr/internal/agent/runner.go:201.74,202.19 1 0
github.com/mark3labs/iteratr/internal/agent/runner.go:202.19,204.3 1 0
github.com/mark3labs/iteratr/internal/agent/runner.go:205.2,205.23 1 0
github.com/mark3labs/iteratr/internal/agent/runner.go:205.23,207.3 1 0
github.com/mark3labs/iteratr/internal/agent/runner.go:209.2,209.21 1 0
github.com/mark3labs/iteratr/internal/agent/runner.go:209.21,211.3 1 0
github.com/mark3labs/iteratr/internal/agent/runner.go:213.2,220.16 5 0
github.com/mark3labs/iteratr/internal/agent/runner.go:220.16,222.24 1 0
github.com/mark3labs/iteratr/internal/agent/runner.go:222.24,224.37 2 0
github.com/mark3labs/iteratr/internal/agent/runner.go:224.37,226.5 1 0
github.com/mark3labs/iteratr/internal/agent/runner.go:227.4,233.6 1 0
github.com/mark3labs/iteratr/internal/agent/runner.go:235.3,235.56 1 0
github.com/mark3labs/iteratr/internal/agent/runner.go:239.2,239.23 1 0
github.com/mark3labs/iteratr/internal/agent/runner.go:239.23,246.3 1 0
github.com/mark3labs/iteratr/internal/agent/runner.go:248.2,249.12 2 0
github.com/mark3labs/iteratr/internal/agent/runner.go:254.25,255.19 1 0
github.com/mark3labs/iteratr/internal/agent/runner.go:255.19,259.3 3 0
github.com/mark3labs/iteratr/internal/agent/runner.go:260.2,260.42 1 0
github.com/mark3labs/iteratr/internal/agent/runner.go:260.42,265.3 4 0
github.com/mark3labs/iteratr/internal/agent/runner.go:266.2,267.37 2 0
