mode: set
github.com/mark3labs/iteratr/internal/orchestrator/orchestrator.go:52.45,54.23 1 1
github.com/mark3labs/iteratr/internal/orchestrator/orchestrator.go:54.23,56.3 1 0
github.com/mark3labs/iteratr/internal/orchestrator/orchestrator.go:57.2,57.23 1 1
github.com/mark3labs/iteratr/internal/orchestrator/orchestrator.go:57.23,59.17 2 0
github.com/mark3labs/iteratr/internal/orchestrator/orchestrator.go:59.17,61.4 1 0
github.com/mark3labs/iteratr/internal/orchestrator/orchestrator.go:62.3,62.19 1 0
github.com/mark3labs/iteratr/internal/orchestrator/orchestrator.go:66.2,73.8 2 1
github.com/mark3labs/iteratr/internal/orchestrator/orchestrator.go:77.38,82.38 3 1
github.com/mark3labs/iteratr/internal/orchestrator/orchestrator.go:82.38,85.3 2 0
github.com/mark3labs/iteratr/internal/orchestrator/orchestrator.go:86.2,90.40 3 1
github.com/mark3labs/iteratr/internal/orchestrator/orchestrator.go:90.40,93.3 2 0
github.com/mark3labs/iteratr/internal/orchestrator/orchestrator.go:94.2,98.43 3 1
github.com/mark3labs/iteratr/internal/orchestrator/orchestrator.go:98.43,101.3 2 0
github.com/mark3labs/iteratr/internal/orchestrator/orchestrator.go:102.2,109.21 4 1
github.com/mark3labs/iteratr/internal/orchestrator/orchestrator.go:109.21,111.38 2 0
github.com/mark3labs/iteratr/internal/orchestrator/orchestrator.go:111.38,114.4 2 0
github.com/mark3labs/iteratr/internal/orchestrator/orchestrator.go:115.3,115.30 1 0
github.com/mark3labs/iteratr/internal/orchestrator/orchestrator.go:116.8,118.3 1 1
github.com/mark3labs/iteratr/internal/orchestrator/orchestrator.go:120.2,121.12 2 1
github.com/mark3labs/iteratr/internal/orchestrator/orchestrator.go:125.36,131.16 4 0
github.com/mark3labs/iteratr/internal/orchestrator/orchestrator.go:131.16,134.3 2 0
github.com/mark3labs/iteratr/internal/orchestrator/orchestrator.go:137.2,141.20 3 0
github.com/mark3labs/iteratr/internal/orchestrator/orchestrator.go:141.20,145.3 3 0
github.com/mark3labs/iteratr/internal/orchestrator/orchestrator.go:148.2,148.20 1 0
github.com/mark3labs/iteratr/internal/orchestrator/orchestrator.go:148.20,152.36 3 0
github.com/mark3labs/iteratr/internal/orchestrator/orchestrator.go:152.36,153.23 1 0
github.com/mark3labs/iteratr/internal/orchestrator/orchestrator.go:154.21,155.21 1 0
github.com/mark3labs/iteratr/internal/orchestrator/orchestrator.go:156.21,157.21 1 0
github.com/mark3labs/iteratr/internal/orchestrator/orchestrator.go:161.3,163.27 3 0
github.com/mark3labs/iteratr/internal/orchestrator/orchestrator.go:163.27,165.4 1 0
github.com/mark3labs/iteratr/internal/orchestrator/orchestrator.go:165.9,167.4 1 0
github.com/mark3labs/iteratr/internal/orchestrator/orchestrator.go:168.3,168.86 1 0
github.com/mark3labs/iteratr/internal/orchestrator/orchestrator.go:172.2,173.6 2 0
github.com/mark3labs/iteratr/internal/orchestrator/orchestrator.go:173.6,177.65 2 0
github.com/mark3labs/iteratr/internal/orchestrator/orchestrator.go:177.65,180.9 3 0
github.com/mark3labs/iteratr/internal/orchestrator/orchestrator.go:183.3,186.92 2 0
github.com/mark3labs/iteratr/internal/orchestrator/orchestrator.go:186.92,189.4 2 0
github.com/mark3labs/iteratr/internal/orchestrator/orchestrator.go:192.3,192.26 1 0
github.com/mark3labs/iteratr/internal/orchestrator/orchestrator.go:192.26,194.4 1 0
github.com/mark3labs/iteratr/internal/orchestrator/orchestrator.go:197.3,206.17 3 0
github.com/mark3labs/iteratr/internal/orchestrator/orchestrator.go:206.17,209.4 2 0
github.com/mark3labs/iteratr/internal/orchestrator/orchestrator.go:210.3,213.26 2 0
github.com/mark3labs/iteratr/internal/orchestrator/orchestrator.go:213.26,215.55 1 0
github.com/mark3labs/iteratr/internal/orchestrator/orchestrator.go:215.55,217.5 1 0
github.com/mark3labs/iteratr/internal/orchestrator/orchestrator.go:218.9,220.55 1 0
github.com/mark3labs/iteratr/internal/orchestrator/orchestrator.go:220.55,222.5 1 0
github.com/mark3labs/iteratr/internal/orchestrator/orchestrator.go:226.3,228.35 3 0
github.com/mark3labs/iteratr/internal/orchestrator/orchestrator.go:228.35,230.4 1 0
github.com/mark3labs/iteratr/internal/orchestrator/orchestrator.go:231.3,231.17 1 0
github.com/mark3labs/iteratr/internal/orchestrator/orchestrator.go:231.17,238.33 4 0
github.com/mark3labs/iteratr/internal/orchestrator/orchestrator.go:238.33,241.5 2 0
github.com/mark3labs/iteratr/internal/orchestrator/orchestrator.go:244.4,244.72 1 0
github.com/mark3labs/iteratr/internal/orchestrator/orchestrator.go:246.3,249.95 2 0
github.com/mark3labs/iteratr/internal/orchestrator/orchestrator.go:249.95,252.4 2 0
github.com/mark3labs/iteratr/internal/orchestrator/orchestrator.go:254.3,257.21 2 0
github.com/mark3labs/iteratr/internal/orchestrator/orchestrator.go:257.21,259.4 1 0
github.com/mark3labs/iteratr/internal/orchestrator/orchestrator.go:262.3,262.38 1 0
github.com/mark3labs/iteratr/internal/orchestrator/orchestrator.go:262.38,265.9 3 0
github.com/mark3labs/iteratr/internal/orchestrator/orchestrator.go:268.3,268.19 1 0
github.com/mark3labs/iteratr/internal/orchestrator/orchestrator.go:271.2,272.12 2 0
github.com/mark3labs/iteratr/internal/orchestrator/orchestrator.go:278.37,280.15 1 1
github.com/mark3labs/iteratr/internal/orchestrator/orchestrator.go:280.15,282.3 1 1
github.com/mark3labs/iteratr/internal/orchestrator/orchestrator.go:283.2,291.21 4 1
github.com/mark3labs/iteratr/internal/orchestrator/orchestrator.go:291.21,293.3 1 1
github.com/mark3labs/iteratr/internal/orchestrator/orchestrator.go:296.2,296.25 1 1
github.com/mark3labs/iteratr/internal/orchestrator/orchestrator.go:296.25,300.10 3 0
github.com/mark3labs/iteratr/internal/orchestrator/orchestrator.go:301.20,302.44 1 0
github.com/mark3labs/iteratr/internal/orchestrator/orchestrator.go:303.38,306.93 2 0
github.com/mark3labs/iteratr/internal/orchestrator/orchestrator.go:308.3,308.21 1 0
github.com/mark3labs/iteratr/internal/orchestrator/orchestrator.go:312.2,312.24 1 1
github.com/mark3labs/iteratr/internal/orchestrator/orchestrator.go:312.24,314.47 2 1
github.com/mark3labs/iteratr/internal/orchestrator/orchestrator.go:314.47,317.4 2 0
github.com/mark3labs/iteratr/internal/orchestrator/orchestrator.go:317.9,319.4 1 1
github.com/mark3labs/iteratr/internal/orchestrator/orchestrator.go:323.2,324.50 2 1
github.com/mark3labs/iteratr/internal/orchestrator/orchestrator.go:324.50,327.3 2 0
github.com/mark3labs/iteratr/internal/orchestrator/orchestrator.go:327.8,329.3 1 1
github.com/mark3labs/iteratr/internal/orchestrator/orchestrator.go:332.2,338.30 4 1
github.com/mark3labs/iteratr/internal/orchestrator/orchestrator.go:342.42,345.51 2 1
github.com/mark3labs/iteratr/internal/orchestrator/orchestrator.go:345.51,347.3 1 0
github.com/mark3labs/iteratr/internal/orchestrator/orchestrator.go:350.2,358.16 3 1
github.com/mark3labs/iteratr/internal/orchestrator/orchestrator.go:358.16,360.3 1 0
github.com/mark3labs/iteratr/internal/orchestrator/orchestrator.go:363.2,366.38 2 1
github.com/mark3labs/iteratr/internal/orchestrator/orchestrator.go:366.38,368.3 1 0
github.com/mark3labs/iteratr/internal/orchestrator/orchestrator.go:370.2,371.12 2 1
github.com/mark3labs/iteratr/internal/orchestrator/orchestrator.go:375.44,377.16 2 1
github.com/mark3labs/iteratr/internal/orchestrator/orchestrator.go:377.16,379.3 1 0
github.com/mark3labs/iteratr/internal/orchestrator/orchestrator.go:380.2,381.12 2 1
github.com/mark3labs/iteratr/internal/orchestrator/orchestrator.go:385.47,388.16 2 1
github.com/mark3labs/iteratr/internal/orchestrator/orchestrator.go:388.16,390.3 1 0
github.com/mark3labs/iteratr/internal/orchestrator/orchestrator.go:393.2,394.16 2 1
github.com/mark3labs/iteratr/internal/orchestrator/orchestrator.go:394.16,396.3 1 0
github.com/mark3labs/iteratr/internal/orchestrator/orchestrator.go:399.2,400.12 2 1
github.com/mark3labs/iteratr/internal/orchestrator/orchestrator.go:404.41,412.12 3 0
github.com/mark3labs/iteratr/internal/orchestrator/orchestrator.go:412.12,413.16 1 0
github.com/mark3labs/iteratr/internal/orchestrator/orchestrator.go:413.16,414.32 1 0
github.com/mark3labs/iteratr/internal/orchestrator/orchestrator.go:414.32,416.5 1 0
github.com/mark3labs/iteratr/internal/orchestrator/orchestrator.go:418.4,418.20 1 0
github.com/mark3labs/iteratr/internal/orchestrator/orchestrator.go:421.3,421.47 1 0
github.com/mark3labs/iteratr/internal/orchestrator/orchestrator.go:421.47,423.4 1 0
github.com/mark3labs/iteratr/internal/orchestrator/orchestrator.go:426.2,426.12 1 0
